20240707	14:22:06	187bf6d1-8837-48d9-bf68-9e434100a5e2	GET	/	undefined
20240707	14:22:06	273dbf5f-518b-4655-a389-c0fc0995ca77	GET	/css/style.css	undefined
20240811	19:08:53	aefe6b15-ed6d-4680-aeed-b64702734450	GET	/users	undefined
20240811	19:09:59	810d8702-e603-4628-adb2-29ddfcba23d7	POST	/users	undefined
20240811	19:11:01	6b8a3701-f88c-4a29-bdc3-dafc69e69d3d	POST	/users	undefined
20240811	19:11:31	6071c80d-1e1f-49ab-99a6-94cd8b445d6c	POST	/users	undefined
20240811	19:11:49	7b23bb35-8906-489a-a3f2-23e44aa8efa9	GET	/	undefined
20240811	19:12:35	455eab32-2b8e-4634-8d08-c90caef3b00a	POST	/users	undefined
20240811	19:13:21	be238fab-493f-40b5-9b28-381a4c305de9	POST	/users	undefined
20240811	19:15:43	4c76114c-766f-4db7-b290-bbda029a03e5	POST	/users	undefined
20240811	19:16:05	81a94c64-47fe-4566-9686-0a557a801ef3	POST	/users	undefined
20240811	19:17:43	41a13477-d064-42cf-a878-12b9a6c0c2df	POST	/users	undefined
20240811	19:17:53	3805e2e1-6bf0-40ec-be01-73ae72edee34	POST	/users	undefined
20240811	19:19:30	d704e488-e34f-4649-a64e-3a11ab915153	POST	/users	undefined
20240811	19:20:16	2b09c203-1962-4119-95b5-9792a010b309	POST	/users	undefined
20240811	19:21:22	78f0763c-fef8-42e7-8959-aae7216f3fb1	POST	/users	undefined
20240811	19:21:35	5efb6502-0fa7-486b-a4c4-f056dc0e7814	GET	/users	undefined
20240811	19:23:05	f8413f7c-0892-4334-a00b-841be9d3aade	GET	/users	undefined
20240811	19:23:20	da0e7c29-84aa-4604-928b-44ee4a436975	GET	/users	undefined
20240811	19:24:56	6afbc0cd-df37-471b-b193-52719dd994c3	GET	/users	undefined
20240811	19:25:05	083d57bd-fef6-407f-959b-ddf196def519	GET	/users	undefined
20240811	19:26:25	7619cb8a-b3ad-499d-9e14-8ac401aadee4	GET	/users	undefined
20240811	19:26:49	e809837f-a7bc-4fa8-8575-a04b3b4b8dcc	GET	/users	undefined
20240811	19:26:57	c35d0c6b-e3bc-4ea2-8207-56f40672f5c1	GET	/	undefined
20240811	19:28:15	c8619ddd-d4ed-46d3-8762-cf4b53de6c39	GET	/	undefined
20240811	19:28:43	45911df6-75f4-4b87-8b3e-2f3ec2dfefa7	GET	/	undefined
20240811	19:29:33	a7876bf8-375e-4b54-b14a-5759b4b137b6	GET	/sasdasd	undefined
20240811	19:32:10	f49a30a7-42df-4a00-9644-6bc688800510	GET	/	undefined
20240811	19:32:10	2b810ebf-0b66-496e-bcd9-5bf1f397bb77	GET	/css/style.css	undefined
20240811	19:32:10	4e33816e-39ed-4e39-9671-c4fb1fbe0526	GET	/favicon.ico	undefined
20240811	19:32:45	306ae418-f55e-41e7-b657-5fab454dce93	GET	/users	undefined
20240811	19:32:58	e77385b8-79ed-4600-9879-8bfeabb5e4ac	GET	/users	undefined
20240811	19:33:44	291a4f2e-0f2c-45f4-ae67-8092e2dade01	GET	/users	undefined
20240811	19:34:15	592d5b02-e91d-44b6-bc07-1c5195b62d77	GET	/users	undefined
20240811	19:34:33	95cbb5e0-6d11-4c45-9346-b61456973af5	GET	/users	undefined
20240811	19:34:40	0cf448f6-5dee-4d6d-8f34-4f11531f686f	GET	/	undefined
20240811	19:34:40	8859fc65-3fd8-4a21-844f-9fae76c64755	GET	/css/style.css	undefined
20240811	19:34:45	16539989-eb24-46d4-8ed8-cf1ba4e30154	GET	/sssssssssss	undefined
20240811	19:34:45	131a862a-d1a7-48c5-abf4-951f51931ca8	GET	/css/style.css	undefined
20240811	19:34:50	b58d2646-a752-409e-ae0d-fb596c2b46d7	GET	/users	undefined
20240811	19:36:54	083eb507-bda0-4b9d-832c-ff850bdee85e	GET	/users	undefined
20240811	19:37:40	f9986f36-8b34-45bc-94ee-ccf27a08d8fc	GET	/users	undefined
20240811	19:38:18	4c62b414-0894-4d60-b2eb-0f4a3be48329	GET	/users	undefined
20240811	19:40:15	2d0bf68f-a71e-4e80-b07e-b36e6a136c75	GET	/users	undefined
20240811	19:42:34	ca2d4d3f-1e56-47bd-ad3f-968a1b398aa2	POST	/users	undefined
20240811	19:43:41	be33687e-97cc-4c8b-8ddc-fe0a3fec8ee3	POST	/users	undefined
20240811	19:44:54	af2d4774-e69a-4677-bed6-ec24ecd65435	GET	/users	undefined
20240811	19:45:49	7dbb02c5-c538-44e2-8037-288119d0f633	GET	/users	undefined
20240811	19:46:01	079152a7-9b66-4ea3-8097-6b763ee7c7eb	PUT	/users	undefined
20240811	19:46:32	e78bb980-06d6-4b1d-b66d-abd77d8a4656	GET	/users	undefined
20240811	19:46:51	7d4f30fd-3193-41bf-a6bf-ec8b83b7ebac	PUT	/users	undefined
20240812	23:15:24	d542a3ca-aaf8-4be7-b46d-bd19563987ff	GET	/users	undefined
20240812	23:15:42	e442ad4b-0961-4d00-addf-97cfca387852	PUT	/users	undefined
20240812	23:17:23	0a7793de-90fe-449a-94b1-39298463f77b	PATCH	/users	undefined
20240812	23:17:28	6375df34-cf77-4893-b118-dccbcf917265	GET	/users	undefined
20240812	23:17:38	853ff317-134b-4f2d-b103-5f84da283b7a	PATCH	/users	undefined
20240812	23:17:42	7273579f-a7cb-4fa2-b703-d402278e3c41	GET	/users	undefined
20240812	23:18:10	02b29440-35d0-4340-a175-4b4a2fe46625	DELETE	/users	undefined
20240812	23:19:30	45bd2623-f011-494f-a419-bb5a2fac514a	POST	/users	undefined
20240812	23:19:43	39fbe520-b34a-427a-9071-22a6a8370c03	POST	/users	undefined
20240812	23:19:52	ef1de4c4-fda6-4c45-a19f-f6b359e38363	GET	/users	undefined
20240812	23:20:22	b254c189-26f2-4331-90e6-8cdfb3f9f568	DELETE	/users	undefined
20240812	23:20:51	c3f5d991-0715-4d1c-94f0-2d68ee75edb0	DELETE	/users	undefined
20240812	23:21:01	9c6a8c72-5351-42ee-80cd-df7ae1f1dbca	POST	/users	undefined
20240813	00:26:13	d959d720-7aa0-41e1-84c5-fa835d6d582a	POST	/notes	undefined
20240813	00:27:48	44a68310-4df9-4498-918c-0758e84a8cd6	POST	/notes	undefined
20240813	00:28:13	4b0f6fa8-363a-4ed4-8634-8f3edce8f4f6	POST	/notes	undefined
20240813	00:30:12	b38a337d-537b-409a-a015-9de7ae978b56	POST	/notes	undefined
20240813	00:30:32	b6db8e62-401e-43e5-a848-fd147c278eef	POST	/notes	undefined
20240813	00:30:42	525e21b1-f6a2-4077-ae5e-2dcb0d7f82a4	POST	/notes	undefined
20240813	00:38:29	efe363d2-d547-495d-ad3f-ec214c0ccdb9	GET	/notes	undefined
20240813	00:38:52	b426a1b7-7a43-4018-a980-7517501fa828	DELETE	/notes	undefined
20240813	00:39:29	bf8d3d32-94ae-4e99-b428-d36f56ce6440	DELETE	/notes	undefined
20240813	00:40:02	e02374fc-cb1a-4d09-a96a-e36988c02e63	DELETE	/notes	undefined
20240813	00:40:10	3d6b4b52-23ed-4fef-aa78-53d5713c4c22	GET	/notes	undefined
20240813	00:55:05	3d1615f3-15db-4f0c-8ee5-c5b39d6bf369	PATCH	/notes	undefined
20240813	00:55:38	f0f735bd-f272-4261-854e-e6ce1f49c585	PATCH	/notes	undefined
20240813	00:56:17	7b6f0004-5d65-4803-80c0-7395fbef7ef0	PATCH	/notes	undefined
20240813	00:56:47	10d9eec3-bb34-43eb-a275-96d1f9ce8022	GET	/notes	undefined
20240813	00:56:59	5847275a-a118-4b36-8302-a2036caa1c2c	PATCH	/notes	undefined
20240813	00:57:04	973dc6ba-2835-473d-864d-a54e848c2f49	GET	/notes	undefined
20240814	11:23:17	cdf1799a-5fa1-4c46-b59b-254aa8542206	GET	/users	http://localhost:3000
20240814	11:23:17	62deb800-1538-4a90-8ce6-194499eb990e	GET	/users	http://localhost:3000
20240814	11:24:09	734547b6-c162-4b74-b885-1a49bb41200c	GET	/users	http://localhost:3000
20240814	11:24:15	158987c0-b349-490c-8131-beac99c9f475	GET	/users	http://localhost:3000
20240814	11:28:51	a69467f4-782f-4ce4-bc57-aebb1ee641e8	GET	/users	http://localhost:3000
20240815	21:10:04	067e46e2-4f14-44e9-ba47-120f4bbb60d9	GET	/users	http://localhost:3000
20240815	21:15:46	d6cb7e22-e6bc-48b1-be0c-cd2801933c59	GET	/users	http://localhost:3000
20240815	21:54:17	cda57737-b18b-410d-9a14-edb684976978	GET	/notes	http://localhost:3000
20240815	21:55:18	e96f625a-0fbc-4b14-96f3-29c08558c4b3	GET	/notes	http://localhost:3000
20240815	21:55:58	f070b798-a41b-4e25-b47e-e5b15c0bf7b2	GET	/notes	http://localhost:3000
20240815	21:57:05	cc729791-e8c3-4b7e-81a9-51e203f7e4be	GET	/notes	http://localhost:3000
20240815	21:57:07	c3a5ba12-d457-4a77-9435-a08b9c2546e6	GET	/notes	http://localhost:3000
20240815	22:06:43	d39918be-b57b-483b-b024-487771bba7d1	GET	/notes	undefined
20240815	22:08:12	e4c24604-f830-4a4c-98cd-acd7c6b758a7	GET	/notes	http://localhost:3000
20240815	22:08:37	4775bc63-c3ea-4d70-b9c3-f6d82a1675f4	GET	/notes	http://localhost:3000
20240815	22:09:27	67bfc87a-8864-44b6-90bb-0fc0467f3e14	GET	/notes	http://localhost:3000
20240815	22:09:46	ac8549f5-f9a2-4649-8945-163a938bfcf4	GET	/notes	http://localhost:3000
20240815	22:10:25	1894176d-2ade-4f1d-9d27-a96f25abc8c0	GET	/notes	http://localhost:3000
20240815	22:11:11	68d44171-8a02-4e27-b314-97d3a0e7ef79	GET	/notes	http://localhost:3000
20240815	22:17:43	a863c3b1-3da7-4d7c-9a2f-6ea69361dad3	GET	/notes	http://localhost:3000
20240815	22:22:29	49e68e0a-d39b-44d5-8afd-db46bf4f7cf1	GET	/notes	http://localhost:3000
20240815	22:25:06	d4312f40-e93f-4219-a8df-b272a2a566fa	GET	/notes	http://localhost:3000
20240819	13:33:13	66b3728f-89a7-4964-9633-0abfe34adff7	GET	/notes	http://localhost:3000
20240819	13:33:16	8d6a42be-cfdc-481e-a4ce-cab347fdae5e	GET	/users	http://localhost:3000
20240819	15:34:57	959debbd-08bd-43a3-aac7-6c2b66a5ea2e	GET	/users	http://localhost:3000
20240819	19:20:09	8332e6bd-2efa-4f2a-8faf-5b621573bf87	GET	/users	http://localhost:3000
20240819	19:21:54	4cc2d709-2916-410c-a52f-32bda9abd9fe	GET	/notes	http://localhost:3000
20240819	19:22:01	d9894df8-82a3-410d-a606-7c1d9051f976	GET	/users	http://localhost:3000
20240819	19:24:11	1dcae392-f433-4d3a-86b9-d16796de145f	GET	/users	http://localhost:3000
20240826	14:41:17	ba011551-4f60-49f3-8162-c1be743457c4	GET	/users	http://localhost:3000
20240826	14:41:48	e70134c5-f3b8-4a16-8fa4-47648d51a682	GET	/notes	http://localhost:3000
20240826	14:41:54	8bf57f9b-ab1d-4500-a65e-993b74aceebe	GET	/users	http://localhost:3000
20240826	15:07:00	068c71b1-1315-4ae4-a678-808807bd0dae	GET	/users	http://localhost:3000
20240826	15:12:56	8cc07626-510e-42c0-8bf7-7291ce1c863b	GET	/users	http://localhost:3000
20240826	15:18:48	02ff25f2-159a-40f7-acde-0baebd8da8fe	GET	/users	http://localhost:3000
20240826	15:19:26	95e96d03-4f38-4b29-8814-72b9b2a1a36b	GET	/notes	http://localhost:3000
20240826	15:19:26	c4f4237f-c9ba-4359-b109-694c5b1435c1	GET	/users	http://localhost:3000
20240826	15:19:32	5bdfcecc-b56e-4048-ad5e-c21a354fa33e	GET	/users	http://localhost:3000
20240826	15:19:50	c8a888cf-fd42-4734-acbe-41268abfdce2	GET	/users	http://localhost:3000
20240826	15:19:50	f07f2e40-2766-4f7b-90d9-50046cf462fd	GET	/notes	http://localhost:3000
20240826	15:24:04	f2845aa8-80b0-4e0b-8032-2f9897c401c2	GET	/notes	http://localhost:3000
20240826	15:24:04	59e01e08-e2c3-448f-b033-bbb283855809	GET	/users	http://localhost:3000
20240826	15:32:53	d1cd05b5-1bc9-4c2a-b370-ad7ec08ff966	GET	/users	http://localhost:3000
20240826	15:32:54	eaa71811-3727-4d17-8e5c-0fd1ad4e0b18	GET	/users	http://localhost:3000
20240826	15:32:55	93d8b19a-c803-4df2-80fa-4e1119af477d	GET	/users	http://localhost:3000
20240826	15:32:55	a1ae96d6-7b51-4594-a6ca-7c88adcc4616	GET	/notes	http://localhost:3000
20240826	15:33:01	de066f15-384f-401f-b58f-3142721a2e76	GET	/users	http://localhost:3000
20240827	10:32:04	6905fa7a-a6e6-4f9c-a21f-7365a639600a	GET	/auth	undefined
20240827	10:32:44	e0916fa6-829b-4d89-98b2-327daf4a395e	GET	/auth	undefined
20240827	10:33:57	07fc0cac-b604-4301-9cdf-4e08aa79e5b2	GET	/auth	undefined
20240827	10:34:15	a22ee2ee-24d3-431e-84cb-91844d7e89ff	GET	/auth	undefined
20240827	10:41:29	b3a8d91b-7742-4839-8565-e44a6b17d424	GET	/auth	undefined
20240827	10:44:40	290a22b4-fd35-4211-8788-06144ef0458c	GET	/auth	undefined
20240827	10:45:31	831e661b-14a7-4930-bf77-922cda224df6	GET	/auth	undefined
20240827	10:47:25	96d30d82-f334-48b5-8b3d-1892a59000e2	GET	/auth	undefined
20240827	10:47:35	fc6c8b47-e5db-4639-a6c3-de97bfecc003	GET	/auth	undefined
20240827	10:47:46	9d837907-b1aa-4026-bc83-3f330901bc1e	GET	/users	undefined
20240827	10:49:59	6491ab1f-23e0-438d-8c92-8278048d5a27	GET	/auth	undefined
20240827	10:50:13	4d9e6ca4-06ab-4d38-9578-df476caad6c0	POST	/users	undefined
20240827	10:53:53	84b7cdff-993c-4061-9326-475d6c7bbab2	GET	/auth	undefined
20240827	10:54:33	b6712a52-2b4e-4f34-886e-cef26ae19162	GET	/users	undefined
20240827	10:54:39	37363d7e-64d9-4207-845f-78a0acb89f42	GET	/auth	undefined
20240827	10:54:44	8f673663-c5ac-4480-aabc-fc17c2811265	GET	/auth	undefined
20240827	10:54:58	0da206d3-9718-4fbd-958a-a5ce8ac344de	GET	/users	undefined
20240827	10:55:22	d44b519f-5b68-4f61-bd29-afec4c3ee177	PATCH	/users	undefined
20240827	10:55:33	4d52add2-4020-4f9b-80d5-8a86443d401e	GET	/auth	undefined
20240827	10:55:47	fca497f4-2f22-4cb6-a4fc-6a5013b73d77	PATCH	/users	undefined
20240827	10:56:08	51725a8c-b996-49f0-9a4d-ae6f532d5712	PATCH	/users	undefined
20240827	10:56:11	feb1705c-fa04-4102-ba01-664543e497fa	GET	/auth	undefined
20240827	10:56:26	989c0dba-ca6f-42d7-b718-e1cad4bbab98	PATCH	/users	undefined
20240827	10:56:37	0792b6e6-5379-4e14-b066-6fa1308ebdda	GET	/users	undefined
20240827	10:58:10	2961c029-bda9-4ee5-a08a-8b60e0cdfad3	GET	/auth	undefined
20240827	10:58:29	fd642ea5-8013-455c-abb8-57b41b8f706d	POST	/auth/refresh	undefined
20240827	10:59:26	9102b400-e924-4978-b8d1-8b8b2b7eed02	GET	/auth	undefined
20240827	10:59:52	491aa0ee-1427-4a0b-be48-725fa718d3c9	POST	/auth/refresh	undefined
20240827	11:00:41	7f3bc0fa-cfd9-455c-8d08-d73751c5ade2	GET	/auth	undefined
20240827	11:01:02	593eb6d5-3f4c-4f6f-ad4d-261174ceeea9	POST	/auth/refresh	undefined
20240827	11:01:23	843529f7-ec6c-47de-b1d7-20312a1d0a53	POST	/auth/logout	undefined
20240827	11:02:38	aa017cbd-7810-41c3-9fad-e7bb9da970f4	GET	/auth	undefined
20240827	11:02:57	7b04a7ae-f5c3-4ecb-b824-f0d65516c297	POST	/auth/logout	undefined
20240827	11:03:48	13e10baf-3e10-4295-a46c-2b067c8c1cbc	GET	/auth	undefined
20240827	11:04:01	10b31643-9ca6-4dc3-9571-41d8b109ef5d	POST	/auth/logout	undefined
